Processing application-layout_0.html
. re-written application-layout_0.html
Processing application-theme_0.html
. re-written application-theme_0.html
Processing bdm_businessdata_7.0_1_0.html
. re-written bdm_businessdata_7.0_1_0.html
Processing bdm_businessdataquery_6.5_2_0_1.html
. re-written bdm_businessdataquery_6.5_2_0_1.html
Processing bdm_businessdatareference_6.5_2_0_2_0_0.html
. re-written bdm_businessdatareference_6.5_2_0_2_0_0.html
Processing bpm_activity_6.3_0_0_0.html
. re-written bpm_activity_6.3_0_0_0.html
Processing bpm_activityvariable_6.0_0_0_0_0.html
. re-written bpm_activityvariable_6.0_0_0_0_0.html
Processing bpm_actor_6.4_1_0_0_1.html
. re-written bpm_actor_6.4_1_0_0_1.html
Processing bpm_actormember_6.4_0_0_0_0.html
. re-written bpm_actormember_6.4_0_0_0_0.html
Processing bpm_archivedactivity_6.0_1_0_0_1.html
. re-written bpm_archivedactivity_6.0_1_0_0_1.html
Processing bpm_archivedcase_7.0_0.html
. re-written bpm_archivedcase_7.0_0.html
Processing bpm_archivedcasedocument_6.0_0_0.html
. TODO: bpm_archivedcasedocument_6.0_0_0.html|#standard_search_parameters
. re-written bpm_archivedcasedocument_6.0_0_0.html
Processing bpm_archivedconnectorinstance_6.0_0_0.html
. re-written bpm_archivedconnectorinstance_6.0_0_0.html
Processing bpm_archivedflownode_6.0_0_1.html
. re-written bpm_archivedflownode_6.0_0_1.html
Processing bpm_archivedhumantask_6.0_2_0_0_0.html
. re-written bpm_archivedhumantask_6.0_2_0_0_0.html
Processing bpm_archivedmanualtask_6.0_0_0_0_0.html
. re-written bpm_archivedmanualtask_6.0_0_0_0_0.html
Processing bpm_archivedtask_6.0_0_0_1.html
. re-written bpm_archivedtask_6.0_0_0_1.html
Processing bpm_archivedusertask_6.0_0_0.html
. re-written bpm_archivedusertask_6.0_0_0.html
Processing bpm_case_7.0_1_0.html
. re-written bpm_case_7.0_1_0.html
Processing bpm_casedocument_6.5_0_0_0_0.html
. TODO: bpm_casedocument_6.5_0_0_0_0.html|#upload_casedoc
. TODO: bpm_casedocument_6.5_0_0_0_0.html|#standard_search_parameters
. re-written bpm_casedocument_6.5_0_0_0_0.html
Processing bpm_caseinfo_6.5_0_0_0.html
. re-written bpm_caseinfo_6.5_0_0_0.html
Processing bpm_casevariable_6.4_0_0.html
. re-written bpm_casevariable_6.4_0_0.html
Processing bpm_connectorfailure_6.1_1_0_0.html
. re-written bpm_connectorfailure_6.1_1_0_0.html
Processing bpm_connectorinstance_6.0_0_0.html
. re-written bpm_connectorinstance_6.0_0_0.html
Processing bpm_diagram_6.4_0_0_0_0.html
. re-written bpm_diagram_6.4_0_0_0_0.html
Processing bpm_document_7.1.html
. re-written bpm_document_7.1.html
Processing bpm_flownode_6.0_0_0_0.html
. re-written bpm_flownode_6.0_0_0_0.html
Processing bpm_humantask_6.0_0_0_0.html
. re-written bpm_humantask_6.0_0_0_0.html
Processing bpm_manualtask_6.0_0_0_1.html
. re-written bpm_manualtask_6.0_0_0_1.html
Processing bpm_process_7.0_1_0.html
. TODO: bpm_process_7.0_1_0.html|#case
. TODO: bpm_process_7.0_1_0.html|/product-bos-sp/javadoc
. re-written bpm_process_7.0_1_0.html
Processing bpm_processconnectordependency_6.0_0_0_0.html
. re-written bpm_processconnectordependency_6.0_0_0_0.html
Processing bpm_processparameter_6.0_0_0_0.html
. re-written bpm_processparameter_6.0_0_0_0.html
Processing bpm_processresolutionproblem_6.0_1_0_0.html
. re-written bpm_processresolutionproblem_6.0_1_0_0.html
Processing bpm_task_6.0_0_0.html
. re-written bpm_task_6.0_0_0.html
Processing bpm_timereventtrigger_6.4_0_0_0_0.html
. re-written bpm_timereventtrigger_6.4_0_0_0_0.html
Processing bpm_usertask_6.0_1_2_0_0_0.html
. re-written bpm_usertask_6.0_1_2_0_0_0.html
Processing customuserinfo_6.4_2_0.html
. re-written customuserinfo_6.4_2_0.html
Processing form_mapping_7.1_0_0_1.html
. re-written form_mapping_7.1_0_0_1.html
Processing identity_contactdata_6.0_0.html
. re-written identity_contactdata_6.0_0.html
Processing identity_group_6.0_0_0.html
. re-written identity_group_6.0_0_0.html
Processing identity_membership_6.0_0.html
. re-written identity_membership_6.0_0.html
Processing identity_role_6.0_0.html
. re-written identity_role_6.0_0.html
Processing identity_user_6.0_0_0_1.html
. re-written identity_user_6.0_0_0_1.html
Processing living_application-menu_6.4_2_0_1_0.html
. re-written living_application-menu_6.4_2_0_1_0.html
Processing living_application-page_6.4_1_0_0.html
. re-written living_application-page_6.4_1_0_0.html
Processing living_application_6.4_0_0_0_0.html
. re-written living_application_6.4_0_0_0_0.html
Processing overview_7.1.html
. re-written overview_7.1.html
Processing page_6.4_1.html
. re-written page_6.4_1.html
Processing platform_license_7.2_0_0.html
. re-written platform_license_7.2_0_0.html
Processing platform_platform_6.0_0_0_1_0.html
. re-written platform_platform_6.0_0_0_1_0.html
Processing platform_tenant_64-65-70_0_1_0.html
. re-written platform_tenant_64-65-70_0_1_0.html
Processing portal_profile_6.4_0.html
. re-written portal_profile_6.4_0.html
Processing portal_profileentry_6.4_0.html
. re-written portal_profileentry_6.4_0.html
Processing portal_profilemember_6.4_0.html
. re-written portal_profilemember_6.4_0.html
Processing portal_theme_6.4_0.html
. re-written portal_theme_6.4_0.html
Processing system_i18nlocale_6.0_0_0.html
. re-written system_i18nlocale_6.0_0_0.html
Processing system_i18ntranslation_6.0_0_0.html
. re-written system_i18ntranslation_6.0_0_0.html
Processing system_session_6.0_0_0.html
. re-written system_session_6.0_0_0.html
Processing system_tenant_6.0_0_0_0.html
. re-written system_tenant_6.0_0_0_0.html